<?xml version="1.0" encoding="UTF-8"?>
<!-- Generated by org.testng.reporters.JUnitReportReporter -->
<testsuite hostname="INHYNJRAYALA02" failures="0" tests="1" name="first.SeleniumTestClass" time="5.268" errors="0" timestamp="2024-06-04T01:00:54 IST" skipped="0">
  <testcase classname="first.SeleniumTestClass" name="mainTest" time="5.268"/>
</testsuite> <!-- first.SeleniumTestClass -->
