<?xml version="1.0" encoding="UTF-8"?>
<!-- Generated by org.testng.reporters.JUnitReportReporter -->
<testsuite hostname="INHYNJRAYALA02" failures="0" tests="1" name="first.SeleniumTestClass" time="8.916" errors="0" timestamp="2024-06-04T13:59:46 IST" skipped="0">
  <testcase classname="first.SeleniumTestClass" name="mainTest" time="8.916"/>
</testsuite> <!-- first.SeleniumTestClass -->
